  ActionBoard.cpp
c:\users\user\desktop\ntust\大二下\物件導向程式設計\project2-monopoly\monopoly\monopoly\actionboard.cpp(1155): warning C4551: 函式呼叫遺漏引數清單
  Bank.cpp
c:\users\user\desktop\ntust\大二下\物件導向程式設計\project2-monopoly\monopoly\monopoly\bank.cpp(26): warning C4244: '=': 將 'double' 轉換為 'int'，由於類型不同，可能導致資料遺失
  FileReader.cpp
c:\users\user\desktop\ntust\大二下\物件導向程式設計\project2-monopoly\monopoly\monopoly\filereader.cpp(173): warning C4101: 'level': 未參考的區域變數
c:\users\user\desktop\ntust\大二下\物件導向程式設計\project2-monopoly\monopoly\monopoly\filereader.cpp(199): warning C4101: 'balance': 未參考的區域變數
  GameBoard.cpp
  GameWorld.cpp
c:\users\user\desktop\ntust\大二下\物件導向程式設計\project2-monopoly\monopoly\monopoly\gameworld.cpp(45): warning C4244: '引數': 將 'time_t' 轉換為 'unsigned int'，由於類型不同，可能導致資料遺失
c:\users\user\desktop\ntust\大二下\物件導向程式設計\project2-monopoly\monopoly\monopoly\gameworld.cpp(64): warning C4267: '正在初始化': 將 'size_t' 轉換為 'int'，資料可能遺失
c:\users\user\desktop\ntust\大二下\物件導向程式設計\project2-monopoly\monopoly\monopoly\gameworld.cpp(235): warning C4244: '引數': 將 'time_t' 轉換為 'unsigned int'，由於類型不同，可能導致資料遺失
c:\users\user\desktop\ntust\大二下\物件導向程式設計\project2-monopoly\monopoly\monopoly\gameworld.cpp(251): warning C4244: '引數': 將 'time_t' 轉換為 'unsigned int'，由於類型不同，可能導致資料遺失
c:\users\user\desktop\ntust\大二下\物件導向程式設計\project2-monopoly\monopoly\monopoly\gameworld.cpp(389): warning C4244: '正在初始化': 將 '_Ty' 轉換為 'int'，由於類型不同，可能導致資料遺失
          with
          [
              _Ty=double
          ]
c:\users\user\desktop\ntust\大二下\物件導向程式設計\project2-monopoly\monopoly\monopoly\gameworld.cpp(455): warning C4267: '正在初始化': 將 'size_t' 轉換為 'int'，資料可能遺失
  Monopoly.cpp
c:\users\user\desktop\ntust\大二下\物件導向程式設計\project2-monopoly\monopoly\monopoly\monopoly.cpp(12): warning C4244: '引數': 將 'time_t' 轉換為 'unsigned int'，由於類型不同，可能導致資料遺失
c:\users\user\desktop\ntust\大二下\物件導向程式設計\project2-monopoly\monopoly\monopoly\monopoly.cpp(210): warning C4267: '正在初始化': 將 'size_t' 轉換為 'int'，資料可能遺失
  Player.cpp
  Source.cpp
  正在產生程式碼...
  Monopoly.vcxproj -> C:\Users\USER\Desktop\NTUST\大二下\物件導向程式設計\Project2-Monopoly\Monopoly\x64\Debug\Monopoly.exe
